Jan-28 07:58:27.904 [main] DEBUG nextflow.cli.Launcher - $> nextflow run main.nf
Jan-28 07:58:28.397 [main] DEBUG nextflow.cli.CmdRun - N E X T F L O W  ~  version 25.10.3
Jan-28 07:58:28.525 [main] DEBUG nextflow.plugin.PluginsFacade - Setting up plugin manager > mode=prod; embedded=false; plugins-dir=/home/pratham_sonone/.nextflow/plugins; core-plugins: nf-amazon@3.4.3,nf-azure@1.20.2,nf-cloudcache@0.5.0,nf-codecommit@0.5.0,nf-console@1.3.0,nf-google@1.23.4,nf-k8s@1.2.2,nf-tower@1.17.4,nf-wave@1.16.1
Jan-28 07:58:28.615 [main] INFO  o.pf4j.DefaultPluginStatusProvider - Enabled plugins: []
Jan-28 07:58:28.622 [main] INFO  o.pf4j.DefaultPluginStatusProvider - Disabled plugins: []
Jan-28 07:58:28.630 [main] INFO  org.pf4j.DefaultPluginManager - PF4J version 3.12.0 in 'deployment' mode
Jan-28 07:58:28.688 [main] DEBUG nextflow.util.RetryConfig - Missing nextflow session - using default retry config
Jan-28 07:58:29.079 [main] INFO  org.pf4j.AbstractPluginManager - No plugins
Jan-28 07:58:29.336 [main] DEBUG nextflow.plugin.PluginsFacade - Plugins default=[]
Jan-28 07:58:29.338 [main] DEBUG nextflow.plugin.PluginsFacade - Plugins resolved requirement=[]
Jan-28 07:58:29.399 [main] DEBUG n.secret.LocalSecretsProvider - Secrets store: /home/pratham_sonone/.nextflow/secrets/store.json
Jan-28 07:58:29.439 [main] DEBUG nextflow.secret.SecretsLoader - Discovered secrets providers: [nextflow.secret.LocalSecretsProvider@53e3a87a] - activable => nextflow.secret.LocalSecretsProvider@53e3a87a
Jan-28 07:58:29.519 [main] DEBUG nextflow.cli.CmdRun - Applied DSL=2 from script declaration
Jan-28 07:58:29.555 [main] DEBUG nextflow.cli.CmdRun - Launching `main.nf` [scruffy_roentgen] DSL2 - revision: a939efc703
Jan-28 07:58:29.733 [main] DEBUG nextflow.Session - Session UUID: 3c6b2e52-00e9-4eaf-aa29-e4b9826e60ca
Jan-28 07:58:29.736 [main] DEBUG nextflow.Session - Run name: scruffy_roentgen
Jan-28 07:58:29.738 [main] DEBUG nextflow.Session - Executor pool size: 4
Jan-28 07:58:29.762 [main] DEBUG nextflow.file.FilePorter - File porter settings maxRetries=3; maxTransfers=50; pollTimeout=null
Jan-28 07:58:29.786 [main] DEBUG nextflow.util.ThreadPoolBuilder - Creating thread pool 'FileTransfer' minSize=10; maxSize=12; workQueue=LinkedBlockingQueue[-1]; allowCoreThreadTimeout=false
Jan-28 07:58:29.859 [main] DEBUG nextflow.cli.CmdRun - 
  Version: 25.10.3 build 10983
  Created: 22-01-2026 15:34 UTC 
  System: Linux 6.6.87.2-microsoft-standard-WSL2
  Runtime: Groovy 4.0.28 on OpenJDK 64-Bit Server VM 17.0.17-internal+0-adhoc..src
  Encoding: UTF-8 (UTF-8)
  Process: 1591@Pratham-Sonone [127.0.1.1]
  CPUs: 4 - Mem: 2.8 GB (2.1 GB) - Swap: 1 GB (1 GB)
Jan-28 07:58:29.978 [main] DEBUG nextflow.Session - Work-dir: /mnt/c/automated_pipeline_development/work [v9fs]
Jan-28 07:58:29.980 [main] DEBUG nextflow.Session - Script base path does not exist or is not a directory: /mnt/c/automated_pipeline_development/bin
Jan-28 07:58:30.010 [main] DEBUG nextflow.executor.ExecutorFactory - Extension executors providers=[]
Jan-28 07:58:30.039 [main] DEBUG nextflow.Session - Observer factory (v2): LinObserverFactory
Jan-28 07:58:30.058 [main] DEBUG nextflow.Session - Observer factory (v2): DefaultObserverFactory
Jan-28 07:58:30.200 [main] DEBUG nextflow.cache.CacheFactory - Using Nextflow cache factory: nextflow.cache.DefaultCacheFactory
Jan-28 07:58:30.231 [main] DEBUG nextflow.util.CustomThreadPool - Creating default thread pool > poolSize: 5; maxThreads: 1000
Jan-28 07:58:30.569 [main] DEBUG nextflow.Session - Session start
Jan-28 07:58:32.740 [main] DEBUG nextflow.script.ScriptRunner - > Launching execution
Jan-28 07:58:34.187 [main] DEBUG nextflow.executor.ExecutorFactory - << taskConfig executor: null
Jan-28 07:58:34.189 [main] DEBUG nextflow.executor.ExecutorFactory - >> processorType: 'local'
Jan-28 07:58:34.227 [main] DEBUG nextflow.executor.Executor - [warm up] executor > local
Jan-28 07:58:34.253 [main] DEBUG n.processor.LocalPollingMonitor - Creating local task monitor for executor 'local' > cpus=4; memory=2.8 GB; capacity=4; pollInterval=100ms; dumpInterval=5m
Jan-28 07:58:34.263 [main] DEBUG n.processor.TaskPollingMonitor - >>> barrier register (monitor: local)
Jan-28 07:58:34.407 [main] DEBUG nextflow.processor.TaskProcessor - Creating process 'FASTQC': maxForks=0; fair=false; array=0
Jan-28 07:58:34.541 [main] DEBUG nextflow.executor.ExecutorFactory - << taskConfig executor: null
Jan-28 07:58:34.542 [main] DEBUG nextflow.executor.ExecutorFactory - >> processorType: 'local'
Jan-28 07:58:34.547 [main] DEBUG nextflow.processor.TaskProcessor - Creating process 'CUTADAPT': maxForks=0; fair=false; array=0
Jan-28 07:58:34.660 [main] DEBUG nextflow.executor.ExecutorFactory - << taskConfig executor: null
Jan-28 07:58:34.662 [main] DEBUG nextflow.executor.ExecutorFactory - >> processorType: 'local'
Jan-28 07:58:34.666 [main] DEBUG nextflow.processor.TaskProcessor - Creating process 'BWA_MEM': maxForks=0; fair=false; array=0
Jan-28 07:58:34.683 [main] DEBUG nextflow.Session - Workflow process names [dsl2]: FASTQC, BWA_MEM, CUTADAPT
Jan-28 07:58:34.691 [main] DEBUG nextflow.Session - Igniting dataflow network (4)
Jan-28 07:58:34.716 [main] DEBUG nextflow.processor.TaskProcessor - Starting process > FASTQC
Jan-28 07:58:34.721 [main] DEBUG nextflow.processor.TaskProcessor - Starting process > CUTADAPT
Jan-28 07:58:34.728 [main] DEBUG nextflow.processor.TaskProcessor - Starting process > BWA_MEM
Jan-28 07:58:34.735 [main] DEBUG nextflow.script.ScriptRunner - Parsed script files:
  Script_df7106fa285ed737: /mnt/c/automated_pipeline_development/modules/bwa.nf
  Script_edd73347ab052546: /mnt/c/automated_pipeline_development/modules/cutadapt.nf
  Script_3cff8c318f883488: /mnt/c/automated_pipeline_development/main.nf
  Script_dcf434068d21057c: /mnt/c/automated_pipeline_development/modules/fastqc.nf
Jan-28 07:58:34.737 [main] DEBUG nextflow.script.ScriptRunner - > Awaiting termination 
Jan-28 07:58:34.743 [main] DEBUG nextflow.Session - Session await
Jan-28 07:58:35.290 [Task submitter] DEBUG n.executor.local.LocalTaskHandler - Launch cmd line: /bin/bash -ue .command.run
Jan-28 07:58:35.296 [Task submitter] INFO  nextflow.Session - [0e/7f3eea] Submitted process > CUTADAPT (sample.fastq.gz)
Jan-28 07:58:35.446 [Task submitter] DEBUG n.executor.local.LocalTaskHandler - Launch cmd line: /bin/bash -ue .command.run
Jan-28 07:58:35.448 [Task submitter] INFO  nextflow.Session - [be/3d93d6] Submitted process > FASTQC (sample.fastq.gz)
Jan-28 07:58:53.753 [Task monitor] DEBUG n.processor.TaskPollingMonitor - Task completed > TaskHandler[id: 1; name: CUTADAPT (sample.fastq.gz); status: COMPLETED; exit: 0; error: -; workDir: /mnt/c/automated_pipeline_development/work/0e/7f3eeacec89cbb29e7d38e99f96361]
Jan-28 07:58:53.757 [Task monitor] DEBUG nextflow.util.ThreadPoolBuilder - Creating thread pool 'TaskFinalizer' minSize=10; maxSize=12; workQueue=LinkedBlockingQueue[-1]; allowCoreThreadTimeout=false
Jan-28 07:58:54.052 [Task submitter] DEBUG n.executor.local.LocalTaskHandler - Launch cmd line: /bin/bash -ue .command.run
Jan-28 07:58:54.065 [Task submitter] INFO  nextflow.Session - [fc/964bbd] Submitted process > BWA_MEM (sample1)
Jan-28 07:58:54.329 [Task monitor] DEBUG n.processor.TaskPollingMonitor - Task completed > TaskHandler[id: 3; name: BWA_MEM (sample1); status: COMPLETED; exit: 1; error: -; workDir: /mnt/c/automated_pipeline_development/work/fc/964bbd1c7faa02404bc134a4155d6f]
Jan-28 07:58:54.357 [TaskFinalizer-2] DEBUG nextflow.processor.TaskProcessor - Handling unexpected condition for
  task: name=BWA_MEM (sample1); work-dir=/mnt/c/automated_pipeline_development/work/fc/964bbd1c7faa02404bc134a4155d6f
  error [nextflow.exception.ProcessFailedException]: Process `BWA_MEM (sample1)` terminated with an error exit status (1)
Jan-28 07:58:54.467 [TaskFinalizer-2] ERROR nextflow.processor.TaskProcessor - Error executing process > 'BWA_MEM (sample1)'

Caused by:
  Process `BWA_MEM (sample1)` terminated with an error exit status (1)


Command executed:

  bwa mem Homo_sapiens.GRCh38.dna.chromosome.22.fa trimmed.fastq.gz > sample1.sam

Command exit status:
  1

Command output:
  (empty)

Command error:
  [E::bwa_idx_load_from_disk] fail to locate the index files

Work dir:
  /mnt/c/automated_pipeline_development/work/fc/964bbd1c7faa02404bc134a4155d6f

Tip: you can replicate the issue by changing to the process work dir and entering the command `bash .command.run`
Jan-28 07:58:54.516 [TaskFinalizer-2] DEBUG nextflow.Session - Session aborted -- Cause: Process `BWA_MEM (sample1)` terminated with an error exit status (1)
Jan-28 07:58:54.533 [Task monitor] DEBUG n.processor.TaskPollingMonitor - <<< barrier arrives (monitor: local) - terminating tasks monitor poll loop
Jan-28 07:58:54.615 [TaskFinalizer-2] WARN  n.processor.TaskPollingMonitor - Killing running tasks (1)
Jan-28 07:58:54.686 [TaskFinalizer-2] DEBUG n.trace.WorkflowStatsObserver - Workflow completed > WorkflowStats[succeededCount=1; failedCount=1; ignoredCount=0; cachedCount=0; pendingCount=0; submittedCount=0; runningCount=0; retriesCount=0; abortedCount=1; succeedDuration=18.3s; failedDuration=183ms; cachedDuration=0ms;loadCpus=0; loadMemory=0; peakRunning=2; peakCpus=2; peakMemory=0; ]
Jan-28 07:58:54.739 [main] DEBUG nextflow.Session - Session await > all processes finished
Jan-28 07:58:54.744 [main] DEBUG nextflow.Session - Session await > all barriers passed
Jan-28 07:58:54.749 [main] DEBUG n.trace.WorkflowStatsObserver - Workflow completed > WorkflowStats[succeededCount=1; failedCount=1; ignoredCount=0; cachedCount=0; pendingCount=0; submittedCount=0; runningCount=0; retriesCount=0; abortedCount=1; succeedDuration=18.3s; failedDuration=183ms; cachedDuration=0ms;loadCpus=0; loadMemory=0; peakRunning=2; peakCpus=2; peakMemory=0; ]
Jan-28 07:58:54.804 [main] DEBUG nextflow.cache.CacheDB - Closing CacheDB done
Jan-28 07:58:54.891 [main] DEBUG nextflow.script.ScriptRunner - > Execution complete -- Goodbye
