This is cutadapt 4.4 with Python 3.12.3
Command line parameters: -a AGATCGGAAGAGC -o trimmed.fastq.gz sample.fastq.gz
Processing single-end reads on 1 core ...
Finished in 23.904 s (21.850 µs/read; 2.75 M reads/minute).

=== Summary ===

Total reads processed:               1,093,957
Reads with adapters:                    33,293 (3.0%)
Reads written (passing filters):     1,093,957 (100.0%)

Total basepairs processed:    55,791,807 bp
Total written (filtered):     55,631,311 bp (99.7%)

=== Adapter 1 ===

Sequence: AGATCGGAAGAGC; Type: regular 3'; Length: 13; Trimmed: 33293 times

Minimum overlap: 3
No. of allowed errors:
1-9 bp: 0; 10-13 bp: 1

Bases preceding removed adapters:
  A: 41.9%
  C: 20.4%
  G: 18.1%
  T: 17.2%
  none/other: 2.4%

Overview of removed sequences
length	count	expect	max.err	error counts
3	24514	17093.1	0	24514
4	5771	4273.3	0	5771
5	1242	1068.3	0	1242
6	162	267.1	0	162
7	47	66.8	0	47
8	13	16.7	0	13
9	76	4.2	0	8 68
10	144	1.0	1	8 136
11	22	0.3	1	2 20
12	9	0.1	1	7 2
13	11	0.0	1	9 2
14	10	0.0	1	9 1
15	6	0.0	1	4 2
16	3	0.0	1	3
17	3	0.0	1	3
18	3	0.0	1	3
19	3	0.0	1	2 1
20	8	0.0	1	5 3
21	145	0.0	1	137 8
22	16	0.0	1	14 2
23	14	0.0	1	12 2
24	52	0.0	1	49 3
25	5	0.0	1	5
26	2	0.0	1	2
27	7	0.0	1	6 1
28	4	0.0	1	4
29	6	0.0	1	6
30	2	0.0	1	2
31	4	0.0	1	4
32	130	0.0	1	126 4
33	3	0.0	1	2 1
34	11	0.0	1	11
35	1	0.0	1	1
36	2	0.0	1	1 1
37	5	0.0	1	4 1
39	3	0.0	1	2 1
40	9	0.0	1	6 3
42	16	0.0	1	15 1
43	2	0.0	1	2
44	4	0.0	1	4
45	3	0.0	1	3
46	4	0.0	1	1 3
47	1	0.0	1	0 1
48	2	0.0	1	2
49	2	0.0	1	2
50	2	0.0	1	2
51	789	0.0	1	329 460
